[    0.000000] Linux version 4.15.0-88-generic (buildd@lgw01-amd64-036) (gcc version 7.4.0 (Ubuntu 7.4.0-1ubuntu1~18.04.1)) #88-Ubuntu SMP Tue Feb 11 20:11:34 UTC 2020 (Ubuntu 4.15.0-88.88-generic 4.15.18)
[    0.000000] Command line: BOOT_IMAGE=/boot/vmlinuz-4.15.0-88-generic root=LABEL=cloudimg-rootfs ro console=tty1 console=ttyS0
[    0.000000] KERNEL supported cpus:
[    0.000000]   Intel GenuineIntel
[    0.000000]   AMD AuthenticAMD
[    0.000000]   Centaur CentaurHauls
[    0.000000] x86/fpu: Supporting XSAVE feature 0x001: 'x87 floating point registers'
[    0.000000] x86/fpu: Supporting XSAVE feature 0x002: 'SSE registers'
[    0.000000] x86/fpu: Supporting XSAVE feature 0x004: 'AVX registers'
[    0.000000] x86/fpu: xstate_offset[2]:  576, xstate_sizes[2]:  256
[    0.000000] x86/fpu: Enabled xstate features 0x7, context size is 832 bytes, using 'standard' format.
[    0.000000] e820: BIOS-provided physical RAM map:
[    0.000000] BIOS-e820: [mem 0x0000000000000000-0x000000000009fbff] usable
[    0.000000] BIOS-e820 [mem 0x000000000009fc00-0x000000000009ffff] reserved
[    0.000000] BIOS-e820: [mem 0x00000000000f0000-0x00000000000fffff] reserved
[    0.000000] BIOS-e820: [mem 0x0000000000100000-0x000000003ffeffff] usable
[    0.000000] BIOS-e820: [mem 0x000000003fff0000-0x000000003fffffff] ACPI data
[    0.000000] BIOS-e820: [mem 0x00000000fec00000-0x00000000fec00fff] reserved
[    0.000000] BIOS-e820: [mem 0x00000000fee00000-0x00000000fee00fff] reserved
[    0.000000] BIOS-e820: [mem 0x00000000fffc0000-0x00000000ffffffff] reserved
[    0.000000] NX (Execute Disable) protection: active
[    0.000000] SMBIOS 2.5 present.
[    0.000000] DMI: innotek GmbH VirtualBox/VirtualBox, BIOS VirtualBox 12/01/2006
[    0.000000] Hypervisor detected: KVM
[    0.000000] e820: last_pfn = 0x3fff0 max_arch_pfn = 0x400000000
[    0.000000] MTRR: Disabled
[    0.000000] x86/PAT: MTRRs disabled, skipping PAT initialization too.
[    0.000000] CPU MTRRs all blank - virtualized system.
[    0.000000] x86/PAT: Configuration [0-7]: WB  WT  UC- UC  WB  WT  UC- UC  
[    0.000000] found SMP MP-table at [mem 0x0009fff0-0x0009ffff]
[    0.000000] Scanning 1 areas for low memory corruption
[    0.000000] RAMDISK: [mem 0x35a6d000-0x36d2dfff]
[    0.000000] ACPI: Early table checksum verification disabled
[    0.000000] ACPI: RSDP 0x00000000000E0000 000024 (v02 VBOX  )
[    0.000000] ACPI: XSDT 0x000000003FFF0030 00003C (v01 VBOX   VBOXXSDT 00000001 ASL  00000061)
[    0.000000] ACPI: FACP 0x000000003FFF00F0 0000F4 (v04 VBOX   VBOXFACP 00000001 ASL  00000061)
[    0.000000] ACPI: DSDT 0x000000003FFF0470 0021FF (v02 VBOX   VBOXBIOS 00000002 INTL 20180105)
[    0.000000] ACPI: FACS 0x000000003FFF0200 000040
[    0.000000] ACPI: FACS 0x000000003FFF0200 000040
[    0.000000] ACPI: APIC 0x000000003FFF0240 00005C (v02 VBOX   VBOXAPIC 00000001 ASL  00000061)
[    0.000000] ACPI: SSDT 0x000000003FFF02A0 0001CC (v01 VBOX   VBOXCPUT 00000002 INTL 20180105)
[    0.000000] No NUMA configuration found
[    0.000000] Faking a node at [mem 0x0000000000000000-0x000000003ffeffff]
[    0.000000] NODE_DATA(0) allocated [mem 0x3ffc5000-0x3ffeffff]
[    0.000000] kvm-clock: cpu 0, msr 0:3ff44001, primary cpu clock
[    0.000000] kvm-clock: Using msrs 4b564d01 and 4b564d00
[    0.000000] kvm-clock: using sched offset of 3903600889 cycles
[    0.000000] clocksource: kvm-clock: mask: 0xffffffffffffffff max_cycles: 0x1cd42e4dffb, max_idle_ns: 881590591483 ns
[    0.000000] Zone ranges:
[    0.000000]   DMA      [mem 0x0000000000001000-0x0000000000ffffff]
[    0.000000]   DMA32    [mem 0x0000000001000000-0x000000003ffeffff]
[    0.000000]   Normal   empty
[    0.000000]   Device   empty
[    0.000000] Movable zone start for each node
[    0.000000] Early memory node ranges
[    0.000000]   node   0: [mem 0x0000000000001000-0x000000000009efff]
[    0.000000]   node   0: [mem 0x0000000000100000-0x000000003ffeffff]
[    0.000000] Reserved but unavailable: 98 pages
[    0.000000] Initmem setup node 0 [mem 0x0000000000001000-0x000000003ffeffff]
[    0.000000] ACPI: PM-Timer IO Port: 0x4008
[    0.000000] IOAPIC[0]: apic_id 2, version 32, address 0xfec00000, GSI 0-23
[    0.000000] ACPI: INT_SRC_OVR (bus 0 bus_irq 0 global_irq 2 dfl dfl)
[    0.000000] ACPI: INT_SRC_OVR (bus 0 bus_irq 9 global_irq 9 low level)
[    0.000000] Using ACPI (MADT) for SMP configuration information
[    0.000000] smpboot: Allowing 2 CPUs, 0 hotplug CPUs
[    0.000000] PM: Registered nosave memory: [mem 0x00000000-0x00000fff]
[    0.000000] PM: Registered nosave memory: [mem 0x0009f000-0x0009ffff]
[    0.000000] PM: Registered nosave memory: [mem 0x000a0000-0x000effff]
[    0.000000] PM: Registered nosave memory: [mem 0x000f0000-0x000fffff]
[    0.000000] e820: [mem 0x40000000-0xfebfffff] available for PCI devices
[    0.000000] Booting paravirtualized kernel on KVM
[    0.000000] clocksource: refined-jiffies: mask: 0xffffffff max_cycles: 0xffffffff, max_idle_ns: 7645519600211568 ns
[    0.000000] random: get_random_bytes called from start_kernel+0x99/0x4fd with crng_init=0
[    0.000000] setup_percpu: NR_CPUS:8192 nr_cpumask_bits:2 nr_cpu_ids:2 nr_node_ids:1
[    0.000000] percpu: Embedded 45 pages/cpu s147456 r8192 d28672 u1048576
[    0.000000] PV qpinlock hash table entries: 256 (order: 0, 4096 bytes)
[    0.000000] Built 1 zonelists, mobility grouping on.  Total pages: 257913
[    0.000000] Policy zone: DMA32
[    0.000000] Kernel command line: BOOT_IMAGE=/boot/vmlinuz-4.15.0-88-generic root=LABEL=cloudimg-rootfs ro console=tty1 console=ttyS0
[    0.000000] Memory: 983068K/1048120K available (12300K kernel code, 2481K rwdata, 4264K rodata, 2428K init, 2712K bss, 65052K reserved, 0K cma-reserved)
[    0.000000] SLUB: HWalign=64, Order=0-3, MinObjects=0, CPUs=2, Nodes=1
[    0.000000] Kernel/User page tables isolation: enabled
[    0.000000] ftrace: allocating 39344 entries in 154 pages
[    0.004000] Hierarchical RCU implementation.
[    0.004000] 	RCU restricting CPUs from NR_CPUS=8192 to nr_cpu_ids=2.
[    0.004000] 	Tasks RCU enabled.
[    0.004000] RCU: Adjusting geometry for rcu_fanout_leaf=16, nr_cpu_ids=2
[    0.004000] NR_IRQS: 524544, nr_irqs: 440, preallocated irqs: 16
[    0.004000] Console: colour VGA+ 80x25
[    0.004000] console [tty1] enabled
[    0.004000] console [ttyS0] enabled
[    0.004000] ACPI: Core revision 20170831
[    0.004000] ACPI: 2 ACPI AML tables successfully acquired and loaded
[    0.004000] APIC: Switch to symmetric I/O mode setup
[    0.004000] x2apic enabled
[    0.004000] Switched API routing to physical x2apic.

[    0.005984] ..TIMER: vector=0x30 apic1=0 pin1=2 apic2=-1 pin2=-1
[    0.008006] tsc: Detected 2294.686 MHz processor
[    0.012017] Calibrating delay loop (skipped) preset value.. 4589.37 BogoMIPS (lpj=9178744)
[    0.014039] pid_max: default: 32768 minimum: 301
[    0.016048] Security Framework initialized
[    0.020005] Yama: becoming mindful.
[    0.021012] AppArmor: AppArmor initialized
[    0.024856] Dentry cache hash table entries: 131072 (order: 8, 1048576 bytes)
[    0.026808] Inode-cache hash table entries: 65536 (order: 7, 524288 bytes)
[    0.028035] Mount-cache hash table entries: 2048 (order: 2, 16384 bytes)
[    0.032016] Mountpoint-cache hash table entries: 2048 (order: 2, 16384 bytes)
[    0.034333] Last level iTLB entries: 4KB 1024, 2MB 1024, 4MB 1024
[    0.036006] Last level dTLB entries: 4KB 1024, 2MB 1024, 4MB 1024, 1GB 4
[    0.040006] Spectre V1 : Mitigation: usercopy/swapgs barriers and __user pointer sanitization
[    0.044007] Spectre V2 : Mitigation: Full generic retpoline
[    0.045546] Spectre V2 : Spectre v2 / SpectreRSB mitigation: Filling RSB on context switch
[    0.048008] Speculative Store Bypass: Vulnerable
[    0.049371] MDS: Mitigation: Clear CPU buffers
[    0.052253] Freeing SMP alternatives memory: 36K
[    0.169201] smpboot: CPU0: Intel(R) Core(TM) i5-4200U CPU @ 1.60GHz (family: 0x6, model: 0x45, stepping: 0x1)
[    0.172000] Performance Events: unsupported p6 CPU model 69 no PMU driver, software events only.
[    0.172099] Hierarchical SRCU implementation.
[    0.177695] NMI watchdog: Perf event create on CPU 0 failed with -2
[    0.180009] NMI watchdog: Perf NMI watchdog permanently disabled
[    0.184126] smp: Bringing up secondary CPUs ...
[    0.188164] x86: Booting SMP configuration:
[    0.189361] .... node  #0, CPUs:      #1
[    0.004000] kvm-clock: cpu 1, msr 0:3ff44041, secondary cpu clock
[    0.216088] smp: Brought up 1 node, 2 CPUs
[    0.220011] smpboot: Max logical packages: 1
[    0.221221] smpboot: Total of 2 processors activated (9178.74 BogoMIPS)
[    0.224258] devtmpfs: initialized
[    0.226363] x86/mm: Memory block size: 128MB
[    0.228332] evm: security.selinux
[    0.229383] evm: security.SMACK64
[    0.232007] evm: security.SMACK64EXEC
[    0.233076] evm: security.SMACK64TRANSMUTE
[    0.234235] evm: security.SMACK64MMAP
[    0.236007] evm: security.apparmor
[    0.237039] evm: security.ima
[    0.240006] evm: security.capability
[    0.244184] clocksource: jiffies: mask: 0xffffffff max_cycles: 0xffffffff, max_idle_ns: 7645041785100000 ns
[    0.248036] futex hash table entries: 512 (order: 3, 32768 bytes)
[    0.250556] pinctrl core: initialized pinctrl subsystem
[    0.252167] RTC time: 18:11:13, date: 03/07/20
[    0.256276] NET: Registered protocol family 16
[    0.260154] audit: initializing netlink subsys (disabled)
[    0.264086] audit: type=2000 audit(1583604677.960:1): state=initialized audit_enabled=0 res=1
[    0.292015] cpuidle: using governor ladder
[    0.296014] cpuidle: using governor menu
[    0.300097] ACPI: bus type PCI registered
[    0.304011] acpiphp: ACPI Hot Plug PCI Controller Driver version: 0.5
[    0.308198] PCI: Using configuration type 1 for base access
[    0.316042] HugeTLB registered 2.00 MiB page size, pre-allocated 0 pages
[    0.317947] ACPI: Added _OSI(Module Device)
[    0.320013] ACPI: Added _OSI(Processor Device)
[    0.321239] ACPI: Added _OSI(3.0 _SCP Extensions)
[    0.324005] ACPI: Added _OSI(Processor Aggregator Device)
[    0.325462] ACPI: Added _OSI(Linux-Dell-Video)
[    0.328011] ACPI: Added _OSI(Linux-Lenovo-NV-HDMI-Audio)
[    0.329456] ACPI: Added _OSI(Linux-HPI-Hybrid-Graphics)
[    0.332500] ACPI: Executed 1 blocks of module-level executable AML code
[    0.346051] ACPI: Interpreter enabled
[    0.348042] ACPI: (supports S0 S5)
[    0.352011] ACPI: Using IOAPIC for interrupt routing
[    0.356563] PCI: Using host bridge windows from ACPI; if necessary, use "pci=nocrs" and report a bug
[    0.360319] ACPI: Enabled 2 GPEs in block 00 to 07
[    0.375631] ACPI: PCI Root Bridge [PCI0] (domain 0000 [bus 00-ff])
[    0.376023] acpi PNP0A03:00: _OSC: OS supports [ASPM ClockPM Segments MSI]
[    0.380055] acpi PNP0A03:00: _OSC: not requesting OS control; OS requires [ExtendedConfig ASPM ClockPM MSI]
[    0.384041] acpi PNP0A03:00: fail to add MMCONFIG information, can't access extended PCI configuration space under this bridge.
[    0.388513] PCI host bridge to bus 0000:00
[    0.392015] pci_bus 0000:00: root bus resource [io  0x0000-0x0cf7 window]
[    0.396013] pci_bus 0000:00: root bus resource [io  0x0d00-0xffff window]
[    0.397712] pci_bus 0000:00: root bus resource [mem 0x000a0000-0x000bffff window]
[    0.400006] pci_bus 0000:00: root bus resource [mem 0x40000000-0xfdffffff window]
[    0.401915] pci_bus 0000:00: root bus resource [bus 00-ff]
[    0.406144] pci 0000:00:01.1: legacy IDE quirk: reg 0x10: [io  0x01f0-0x01f7]
[    0.408009] pci 0000:00:01.1: legacy IDE quirk: reg 0x14: [io  0x03f6]
[    0.412010] pci 0000:00:01.1: legacy IDE quirk: reg 0x18: [io  0x0170-0x0177]
[    0.416010] pci 0000:00:01.1: legacy IDE quirk: reg 0x1c: [io  0x0376]
[    0.445550] pci 0000:00:07.0: quirk: [io  0x4000-0x403f] claimed by PIIX4 ACPI
[    0.447547] pci 0000:00:07.0: quirk: [io  0x4100-0x410f] claimed by PIIX4 SMB
[    0.464438] ACPI: PCI Interrupt Link [LNKA] (IRQs 5 9 10 *11)
[    0.466335] ACPI: PCI Interrupt Link [LNKB] (IRQs 5 9 *10 11)
[    0.467899] ACPI: PCI Interrupt Link [LNKC] (IRQs 5 *9 10 11)
[    0.468142] ACPI: PCI Interrupt Link [LNKD] (IRQs 5 9 10 *11)
[    0.472595] SCSI subsystem initialized
[    0.473674] pci 0000:00:02.0: vgaarb: setting as boot VGA device
[    0.473674] pci 0000:00:02.0: vgaarb: VGA device added: decodes=io+mem,owns=io+mem,locks=none
[    0.476029] pci 0000:00:02.0: vgaarb: bridge control possible
[    0.480008] vgaarb: loaded
[    0.484085] ACPI: bus type USB registered
[    0.488046] usbcore: registered new interface driver usbfs
[    0.492052] usbcore: registered new interface driver hub
[    0.496064] usbcore: registered new device driver usb
[    0.497316] EDAC MC: Ver: 3.0.0
[    0.500270] PCI: Using ACPI for IRQ routing
[    0.501393] NetLabel: Initializing
[    0.504011] NetLabel:  domain hash size = 128
[    0.505224] NetLabel:  protocols = UNLABELED CIPSOv4 CALIPSO
[    0.508051] NetLabel:  unlabeled traffic allowed by default
[    0.509595] clocksource: Switched to clocksource kvm-clock
[    0.536299] VFS: Disk quotas dquot_6.6.0
[    0.537521] VFS: Dquot-cache hash table entries: 512 (order 0, 4096 bytes)
[    0.539518] AppArmor: AppArmor lesystem Enabled
[    0.605118] pnp: PnP ACPI init
[    0.607079] pnp: PnP ACPI: found 3 devices

[    0.620173] clocksource: acpi_pm: mask: 0xffffff max_cycles: 0xffffff, max_idle_ns: 2085701024 ns
[    .6227] NT: Registered protocol family 2

[    0.744824] TCP established hash table entries: 8192 (order: 4, 65536 bytes)
[    0.793398] TCP bind hash table entries: 8192 (order: 5, 131072 bytes)
[    0.795897] TCP: Hash tables configured (established 8192 bind 8192)
[    0.797853] UDP hash table entries: 512 (order: 2, 16384 bytes)
[    0.799446] UDP-Lite hash table entries: 512 (order: 2, 16384 bytes)
[    0.801277] NET: Registered protocol family 1
[    0.802520] pci 0000:00:00.0: Limiting direct PCI/PCI transfers
[    0.804172] pci 0000:00:01.0: Activating ISA DMA hang workarounds
[    0.808157] pci 0000:00:02.0: Video device with shadowed ROM at [mem 0x000c0000-0x000dffff]
[    0.810610] Unpacking initramfs...
[    1.185493] Freeing initrd memory: 19204K
[    1.193473] clocksource: tsc: mask: 0xffffffffffffffff max_cycles: 0x211399552f8, max_idle_ns: 440795292447 ns
[    1.195944] platform rtc_cmos: registered platform RTC device (no PNP device found)
[    1.197907] Scanning for low memory corruption every 60 seconds
[    1.200181] Initialise system trusted keyrings
[    1.201324] Key type blacklist registered
[    1.202428] workingset: timestamp_bits=36 max_order=18 bucket_order=0
[    1.205209] zbud: loaded
[    1.206728] squashfs: version 4.0 (2009/01/31) Phillip Lougher
[    1.323234] fuse init (API version 7.26)
[    1.489136] Key type asymmetric registered
[    1.490296] Asymmetric key parser 'x509' registered
[    1.491626] Block layer SCSI generic (bsg) driver version 0.4 loaded (major 246)
[    1.503001] io scheduler noop registered
[    1.505146] io scheduler deadline registered
[    1.506451] io scheduler cfq registered (default)
[    1.508413] ACPI: AC Adapter [AC] (on-line)
[    1.509712] input: Power Button as /devices/LNXSYSTM:00/LNXPWRBN:00/input/input0
[    1.511834] ACPI: Power Button [PWRF]
[    1.513155] input: Sleep Button as /devices/LNXSYSTM:00/LNXSLPBN:00/input/input1
[    1.515222] ACPI: Sleep Button [SLPF]
[    1.517037] Serial: 8250/16550 driver, 32 ports, IRQ sharing enabled
[    1.518480] ACPI: Battery Slot [BAT0] (battery present)
[    1.543575] 00:02: ttyS0 at I/O 0x3f8 (irq = 4, base_baud = 115200) is a 16550A
[    1.550562] Linux agpgart interface v0.103
[    1.553883] loop: module loaded
[    1.555845] scsi host0: ata_piix
[    1.566877] scsi host1: ata_piix
[    1.567893] ata1: PATA max UDMA/33 cmd 0x1f0 ctl 0x3f6 bmdma 0xd000 irq 14
[    1.569679] ata2: PATA max UDMA/33 cmd 0x170 ctl 0x376 bmdma 0xd008 irq 15
[    1.614315] libphy: Fixed MDIO Bus: probed
[    1.619134] tun: Universal TUN/TAP device driver, 1.6
[    1.621083] PPP generic driver version 2.4.2
[    1.622379] ehci_hcd: USB 2.0 'Enhanced' Host Controller (EHCI) Driver
[    1.643409] ehci-pci: EHCI PCI platform driver
[    1.644821] ehci-platform: EHCI generic platform driver
[    1.646292] ohci_hcd: USB 1.1 'Open' Host Controller (OHCI) Driver
[    1.647994] ohci-pci: OHCI PCI platform driver
[    1.649362] ohci-platform: OHCI generic platform driver
[    1.650821] uhci_hcd: USB Universal Host Controller Interface driver
[    1.652706] i8042: PNP: PS/2 Controller [PNP0303:PS2K,PNP0f03:PS2M] at 0x60,0x64 irq 1,12
[    1.655668] serio: i8042 KBD port at 0x60,0x64 irq 1
[    1.657097] serio: i8042 AUX port at 0x60,0x64 irq 12
[    1.658424] mousedev: PS/2 mouse device common for all mice
[    1.660086] input: AT Translated Set 2 keyboard as /devices/platform/i8042/serio0/input/input2
[    1.664649] rtc_cmos rtc_cmos: rtc core: registered rtc_cmos as rtc0
[    1.666274] rtc_cmos rtc_cmos: alarms up to one day, 114 bytes nvram
[    1.667841] i2c /dev entries driver
[    1.674202] device-mapper: uevent: version 1.0.3
[    1.675526] device-mapper: ioctl: 4.37.0-ioctl (2017-09-20) initialised: dm-devel@redhat.com
[    1.689255] ledtrig-cpu: registered to indicate activity on CPUs
[    1.697097] NET: Registered protocol family 10
[    1.704266] Segment Routing with IPv6
[    1.705407] NET: Registered protocol family 17
[    1.706745] Key type dns_resolver registered
[    1.708344] mce: Using 0 MCE banks
[    1.712898] RAS: Correctable Errors collector initialized.
[    1.714402] sched_clock: Marking stable (1712853314, 0)->(2872511422, -1159658108)
[    1.717295] registered taskstats version 1
[    1.718489] Loading compiled-in X.509 certificates
[    1.723303] Loaded X.509 cert 'Build time autogenerated kernel key: f0020782f0d3a548186fb3f47aed88387a71e859'
[    1.731104] zswap: loaded using pool lzo/zbud
[    1.747279] Key type big_key registered
[    1.753787] Key type trusted registered
[    1.757452] Key type encrypted registered
[    1.758474] AppArmor: AppArmor sha1 policy hashing enabled
[    1.759799] ima: No TPM chip found, activating TPM-bypass! (rc=-19)
[    1.766751] ima: Allocated hash algorithm: sha1
[    1.767980] evm: HMAC attrs: 0x1
[    1.769355]   Magic number: 12:33:190
[    1.770496] rtc_cmos rtc_cmos: setting system clock to 2020-03-07 18:11:14 UTC (1583604674)
[    1.795008] BIOS EDD facility v0.16 2004-Jun-25, 0 devices found
[    1.802005] EDD information not available.
[    1.807746] Freeing unused kernel image memory: 2428K
[    1.852632] Write protecting the kernel read-only data: 20480k
[    1.855414] Freeing unused kernel image memory: 2008K
[    1.933779] Freeing unused kernel image memory: 1880K
[    1.957703] x86/mm: Checked W+X mappings: passed, no W+X pages found.
[    1.959521] x86/mm: Checking user space page tables
[    1.981879] x86/mm: Checked W+X mappings: passed, no W+X pages found.
Loading, please wait...
starting version 237
[    2.115793] Fusion MPT base driver 3.04.20
[    2.121352] Copyright (c) 1999-2008 LSI Corporation
[    2.160559] e1000: Intel(R) PRO/1000 Network Driver - version 7.3.21-k8-NAPI
[    2.164690] e1000: Copyright (c) 1999-2006 Intel Corporation.
[    2.211321] AVX2 version of gcm_enc/dec engaged.
[    2.231898] AES CTR mode by8 optimization enabled
[    2.242334] Fusion MPT SPI Host driver 3.04.20
[    2.393009] input: ImExPS/2 Generic Explorer Mouse as /devices/platform/i8042/serio1/input/input4
[    2.634136] e1000 0000:00:03.0 eth0: (PCI:33MHz:32-bit) 02:2a:ce:cf:0d:74
[    2.664301] e1000 0000:00:03.0 eth0: Intel(R) PRO/1000 Network Connection
[    2.667482] mptbase: ioc0: Initiating bringup
[    2.812842] ioc0: LSI53C1030 A0: Capabilities={Initiator}
[    3.274391] scsi host2: ioc0: LSI53C1030 A0, FwRev=00000000h, Ports=1, MaxQ=256, IRQ=20
[    4.112915] scsi 2:0:0:0: Direct-Access     VBOX     HARDDISK         1.0  PQ: 0 ANSI: 5
[    4.151461] scsi target2:0:0: Beginning Domain Validation
[    4.160427] scsi target2:0:0: Domain Validation skipping write tests
[    4.170045] scsi target2:0:0: Ending Domain Validation
[    4.173859] scsi target2:0:0: asynchronous
[    4.177338] scsi 2:0:1:0: Direct-Access     VBOX     HARDDISK         1.0  PQ: 0 ANSI: 5
[    4.460058] scsi target2:0:1: Beginning Domain Validation
[    4.467179] random: fast init done
[    4.468504] scsi target2:0:1: Domain Validation skipping write tests
[    4.469681] scsi target2:0:1: Ending Domain Validation
[    4.470847] scsi target2:0:1: asynchronous
[    4.476556] random: systemd-udevd: uninitialized urandom read (16 bytes read)
[    4.476890] sd 2:0:0:0: [sda] 20971520 512-byte logical blocks: (10.7 GB/10.0 GiB)
[    4.478565] random: systemd-udevd: uninitialized urandom read (16 bytes read)
[    4.486133] sd 2:0:0:0: Attached scsi generic sg0 type 0
[    4.487780] random: systemd-udevd: uninitialized urandom read (16 bytes read)
[    4.489495] sd 2:0:0:0: [sda] Write Protect is off
[    4.499439] sd 2:0:1:0: Attached scsi generic sg1 type 0
[    4.533853] sd 2:0:0:0: [sda] Incomplete mode parameter data
[    4.548831] e1000 0000:00:08.0 eth1: (PCI:33MHz:32-bit) 08:00:27:15:aa:41
[    4.553000] sd 2:0:0:0: [sda] Assuming drive cache: write through
[    4.554563] e1000 0000:00:08.0 eth1: Intel(R) PRO/1000 Network Connection
[    4.562747] sd 2:0:1:0: [sdb] 20480 512-byte logical blocks: (10.5 MB/10.0 MiB)
[    4.664056]  sda: sda1
[    4.665494] e1000 0000:00:03.0 enp0s3: renamed from eth0
[    4.669082] sd 2:0:0:0: [sda] Attached SCSI disk
[    4.704110] sd 2:0:1:0: [sdb] Write Protect is off
[    4.705805] sd 2:0:1:0: [sdb] Incomplete mode parameter data
[    4.707497] sd 2:0:1:0: [sdb] Assuming drive cache: write through
[    4.709925] e1000 0000:00:08.0 enp0s8: renamed from eth1
[    4.748691] sd 2:0:1:0: [sdb] Attached SCSI disk
Begin: Loading essential drivers ... [    6.424066] raid6: sse2x1   gen()  3467 MB/s
[    6.476049] raid6: sse2x1   xor()  3130 MB/s
[    6.536056] raid6: sse2x2   gen()  5644 MB/s
[    6.584054] raid6: sse2x2   xor()  3632 MB/s
[    6.632028] raid6: sse2x4   gen()  5915 MB/s
[    6.684034] raid6: sse2x4   xor()  4085 MB/s
[    6.732024] raid6: avx2x1   gen() 12163 MB/s
[    6.784035] raid6: avx2x1   xor()  9223 MB/s
[    6.846317] raid6: avx2x2   gen()  9912 MB/s
[    6.899806] raid6: avx2x2   xor()  9721 MB/s
[    6.948042] raid6: avx2x4   gen() 12023 MB/s
[    6.996029] raid6: avx2x4   xor()  7326 MB/s
[    6.997235] raid6: using algorithm avx2x1 gen() 12163 MB/s
[    7.008156] raid6: .... xor() 9223 MB/s, rmw enabled
[    7.023928] raid6: using avx2x2 recovery algorithm
[    7.027292] xor: automatically using best checksumming function   avx       
[    7.048762] async_tx: api initialized (async)
done.
Begin: Running /scripts/init-premount ... done.
Begin: Mounting root file system ... Begin: Running /scripts/local-top ... done.
Begin: Running /scripts/local-premount ... [    7.124327] Btrfs loaded, crc32c=crc32c-intel
Scanning for Btrfs filesystems
done.
Warning: fsck not present, so skipping root file system
[    7.244397] EXT4-fs (sda1): mounted filesystem with ordered data mode. Opts: (null)
done.
Begin: Running /scripts/local-bottom ... done.
Begin: Running /scripts/init-bottom ... done.
[    8.561237] ip_tables: (C) 2000-2006 Netfilter Core Team
[    8.676488] systemd[1]: systemd 237 running in system mode. (+PAM +AUDIT +SELINUX +IMA +APPARMOR +SMACK +SYSVINIT +UTMP +LIBCRYPTSETUP +GCRYPT +GNUTLS +ACL +XZ +LZ4 +SECCOMP +BLKID +ELFUTILS +KMOD -IDN2 +IDN -PCRE2 default-hierarchy=hybrid)
[    8.899972] systemd[1]: Detected virtualization oracle.
[    8.903607] systemd[1]: Detected architecture x86-64.

Welcome to [1mUbuntu 18.04.4 LTS[0m!

[    8.996427] systemd[1]: Set hostname to <ubuntu>.
[    9.241710] systemd[1]: Initializing machine ID from random generator.
[    9.243392] systemd[1]: Installed transient /etc/machine-id file.
[    9.589996] random: crng init done
[    9.598937] random: 7 urandom warning(s) missed due to ratelimiting
[   10.940558] systemd[1]: Started Forward Password Requests to Wall Directory Watch.
[[0;32m  OK  [0m] Started Forward Password Requests to Wall Directory Watch.
[   11.832143] systemd[1]: Reached target Swap.
[[0;32m  OK  [0m] Reached target Swap.
[   11.876168] systemd[1]: Reached target System Time Synchronized.
[[0;32m  OK  [0m] Reached target System Time Synchronized.
[   11.928678] systemd[1]: Created slice System Slice.
[[0;32m  OK  [0m] Created slice System Slice.
[[0;32m  OK  [0m] Created slice system-serial\x2dgetty.slice.
[[0;32m  OK  [0m] Listening on Journal Audit Socket.
[[0;32m  OK  [0m] Listening on LVM2 metadata daemon socket.
[[0;32m  OK  [0m] Listening on Device-mapper event daemon FIFOs.
[[0;32m  OK  [0m] Listening on Syslog Socket.
[[0;32m  OK  [0m] Listening on udev Kernel Socket.
[[0;32m  OK  [0m] Listening on Network Service Netlink Socket.
[[0;32m  OK  [0m] Created slice User and Session Slice.
[[0;32m  OK  [0m] Reached target Slices.
[[0;32m  OK  [0m] Listening on Journal Socket (/dev/log).
[[0;32m  OK  [0m] Reached target User and Group Name Lookups.
[[0;32m  OK  [0m] Listening on udev Control Socket.
[[0;32m  OK  [0m] Set up automount Arbitrary Executab…rmats File System Automount Point.
[[0;32m  OK  [0m] Listening on LVM2 poll daemon socket.
[[0;32m  OK  [0m] Listening on Journal Socket.
         Starting udev Coldplug all Devices...
         Starting Monitoring of LVM2 mirrors…ng dmeventd or progress polling...
         Starting Load Kernel Modules...
         Mounting Kernel Debug File System...
         Mounting Huge Pages File System...
         Mounting POSIX Message Queue File System...
         Starting Set the console keyboard layout...
         Starting Journal Service...
         Starting Create list of required st…ce nodes for the current kernel...
         Starting Remount Root and Kernel File Systems...
         Starting Uncomplicated firewall...
[[0;32m  OK  [0m] Listening on /dev/initctl Compatibility Named Pipe.
[[0;32m  OK  [0m] Started Create list of required sta…vice nodes for the current kernel.
[[0;32m  OK  [0m] Started Uncomplicated firewall.
[[0;32m  OK  [0m] Started LVM2 metadata daemon.
         Starting Create Static Device Nodes in /dev...
[[0;32m  OK  [0m] Started udev Coldplug all Devices.
[[0;32m  OK  [0m] Started Journal Service.
[[0;32m  OK  [0m] Mounted POSIX Message Queue File System.
[[0;32m  OK  [0m] Mounted Kernel Debug File System.
[[0;32m  OK  [0m] Mounted Huge Pages File System.
[[0;32m  OK  [0m] Started Create Static Device Nodes in /dev.
[   12.863616] EXT4-fs (sda1): re-mounted. Opts: (null)
[   12.865773] Loading iSCSI transport class v2.0-870.
[[0;32m  OK  [0m] Started Remount Root and Kernel File Systems.
[   12.927426] iscsi: registered transport (tcp)
[   12.984378] iscsi: registered transport (iser)
         Starting udev Kernel Device Manager...
         Starting Flush Journal to Persistent Storage...
         Starting Load/Save Random Seed...
[[0;32m  OK  [0m] Started Monitoring of LVM2 mirrors,…sing dmeventd or progress polling.
[[0;32m  OK  [0m] Started Load Kernel Modules.
         Starting Apply Kernel Variables...
         Mounting FUSE Control File System...
         Mounting Kernel Configuration File System...
[[0;32m  OK  [0m] Mounted FUSE Control File System.
[[0;32m  OK  [0m] Mounted Kernel Configuration File System.
[   13.167870] systemd-journald[395]: Received request to flush runtime journal from PID 1
[[0;32m  OK  [0m] Started Load/Save Random Seed.
[[0;32m  OK  [0m] Started Set the console keyboard layout.
[[0;32m  OK  [0m] Reached target Local File Systems (Pre).
[[0;32m  OK  [0m] Reached target Local File Systems.
         Starting Tell Plymouth To Write Out Runtime Data...
         Starting AppArmor initialization...
         Starting Commit a transient machine-id on disk...
         Starting ebtables ruleset management...
         Starting Set console font and keymap...
[[0;32m  OK  [0m] Started udev Kernel Device Manager.
[[0;32m  OK  [0m] Started Dispatch Password Requests to Console Directory Watch.
[[0;32m  OK  [0m] Reached target Local Encrypted Volumes.
[[0;32m  OK  [0m] Started Apply Kernel Variables.
[[0;32m  OK  [0m] Started Tell Plymouth To Write Out Runtime Data.
[[0;32m  OK  [0m] Started Set console font and keymap.
[[0;32m  OK  [0m] Started Flush Journal to Persistent Storage.
[[0;32m  OK  [0m] Started Commit a transient machine-id on disk.
         Starting Create Volatile Files and Directories...
[[0;32m  OK  [0m] Found device /dev/ttyS0.
[[0;32m  OK  [0m] Started Create Volatile Files and Directories.
         Starting Update UTMP about System Boot/Shutdown...
[[0;32m  OK  [0m] Listening on Load/Save RF Kill Switch Status /dev/rfkill Watch.
[[0;32m  OK  [0m] Started Update UTMP about System Boot/Shutdown.
[[0;32m  OK  [0m] Started ebtables ruleset management.
[[0;32m  OK  [0m] Started AppArmor initialization.
         Starting Initial cloud-init job (pre-networking)...
[   21.180959] cloud-init[546]: Cloud-init v. 19.4-33-gbb4131a2-0ubuntu1~18.04.1 running 'init-local' at Sat, 07 Mar 2020 18:11:33 +0000. Up 20.50 seconds.
[[0;32m  OK  [0m] Started Initial cloud-init job (pre-networking).
[[0;32m  OK  [0m] Reached target Network (Pre).
         Starting Network Service...
[[0;32m  OK  [0m] Started Network Service.
         Starting Network Name Resolution...
         Starting Wait for Network to be Configured...
[[0;32m  OK  [0m] Started Network Name Resolution.
[[0;32m  OK  [0m] Reached target Host and Network Name Lookups.
[[0;32m  OK  [0m] Reached target Network.
[[0;32m  OK  [0m] Started Wait for Network to be Configured.
         Starting Initial cloud-init job (metadata service crawler)...
[   23.313643] cloud-init[670]: Cloud-init v. 19.4-33-gbb4131a2-0ubuntu1~18.04.1 running 'init' at Sat, 07 Mar 2020 18:11:35 +0000. Up 23.05 seconds.
[   23.335062] cloud-init[670]: ci-info: ++++++++++++++++++++++++++++++++++++++Net device info++++++++++++++++++++++++++++++++++++++
[   23.339855] cloud-init[670]: ci-info: +--------+-------+---------------------------+---------------+--------+-------------------+
[   23.343718] cloud-init[670]: ci-info: | Device |   Up  |          Address          |      Mask     | Scope  |     Hw-Address    |
[   23.377107] cloud-init[670]: ci-info: +--------+-------+---------------------------+---------------+--------+-------------------+
[   23.391982] cloud-init[670]: ci-info: | enp0s3 |  True |         10.0.2.15         | 255.255.255.0 | global | 02:2a:ce:cf:0d:74 |
[   23.394735] cloud-init[670]: ci-info: | enp0s3 |  True | fe80::2a:ceff:fecf:d74/64 |       .       |  link  | 02:2a:ce:cf:0d:74 |
[   23.437033] cloud-init[670]: ci-info: | enp0s8 | False |             .             |       .       |   .    | 08:00:27:15:aa:41 |
[   23.457799] cloud-init[670]: ci-info: |   lo   |  True |         127.0.0.1         |   255.0.0.0   |  host  |         .         |
[   23.460863] cloud-init[670]: ci-info: |   lo   |  True |          ::1/128          |       .       |  host  |         .         |
[   23.469463] cloud-init[670]: ci-info: +--------+-------+---------------------------+---------------+--------+-------------------+
[   23.476960] cloud-init[670]: ci-info: ++++++++++++++++++++++++++++Route IPv4 info+++++++++++++++++++++++++++++
[   23.479030] cloud-init[670]: ci-info: +-------+-------------+----------+-----------------+-----------+-------+
[   23.488842] cloud-init[670]: ci-info: | Route | Destination | Gateway  |     Genmask     | Interface | Flags |
[   23.491539] cloud-init[670]: ci-info: +-------+-------------+----------+-----------------+-----------+-------+
[   23.494724] cloud-init[670]: ci-info: |   0   |   0.0.0.0   | 10.0.2.2 |     0.0.0.0     |   enp0s3  |   UG  |
[   23.497610] cloud-init[670]: ci-info: |   1   |   10.0.2.0  | 0.0.0.0  |  255.255.255.0  |   enp0s3  |   U   |
[   23.502345] cloud-init[670]: ci-info: |   2   |   10.0.2.2  | 0.0.0.0  | 255.255.255.255 |   enp0s3  |   UH  |
[   23.518427] cloud-init[670]: ci-info: +-------+-------------+----------+-----------------+-----------+-------+
[   23.521131] cloud-init[670]: ci-info: +++++++++++++++++++Route IPv6 info+++++++++++++++++++
[   23.533838] cloud-init[670]: ci-info: +-------+-------------+---------+-----------+-------+
[   23.536219] cloud-init[670]: ci-info: | Route | Destination | Gateway | Interface | Flags |
[   23.542262] cloud-init[670]: ci-info: +-------+-------------+---------+-----------+-------+
[   23.544681] cloud-init[670]: ci-info: |   1   |  fe80::/64  |    ::   |   enp0s3  |   U   |
[   23.546890] cloud-init[670]: ci-info: |   3   |    local    |    ::   |   enp0s3  |   U   |
[   23.549263] cloud-init[670]: ci-info: |   4   |   ff00::/8  |    ::   |   enp0s3  |   U   |
[   23.556639] cloud-init[670]: ci-info: +-------+-------------+---------+-----------+-------+
[   25.624999] cloud-init[670]: Generating public/private rsa key pair.
[   25.728564] cloud-init[670]: Your identification has been saved in /etc/ssh/ssh_host_rsa_key.
[[0;32m  OK  [0m] Started Initial cloud-init job (metadata service crawler).
[[0;32m  OK  [0m] Reached target Network is Online.
[   25.761886] cloud-init[670]: Your public key has been saved in /etc/ssh/ssh_host_rsa_key.pub.
[   25.775275] cloud-init[670]: The key fingerprint is:
[   25.776422] cloud-init[670]: SHA256:2VC3EczjE4aI0yx0XxJTtc+U6h556mBCM4dh17mTQcc root@ubuntu-bionic
[   25.778102] cloud-init[670]: The key's randomart image is:
[   25.779189] cloud-init[670]: +---[RSA 2048]----+
[   25.780213] cloud-init[670]: |     ..+..=**+o. |
[   25.812375] cloud-init[670]: |      +.+o.=OooE.|
         Starting Availability of block devices...
[[0;32m  OK  [0m] Reached target Remote File Systems (Pre).
[   25.850311] [[0;32m  OK  [0m] Reached target Remote File Systems.
cloud-init[670]: |       o.o.+.*...|
[   25.903460] cloud-init[670]: |        .++ o =+ |
[   25.918458] cloud-init[670]: |        S=.. *  o|
[   25.918575] cloud-init[670]: |        . + . o  |
[   25.918692] cloud-init[670]: |         . o + . |
[   25.918788] cloud-init[670]: |          o o +  |
[[0;32m  OK  [0m[   25.918884] cloud-init[670]: |            .+   |
] Reached target System Initialization.
[   25.918985] cloud-init[670]: +----[SHA256]-----+
[   26.062069] cloud-init[670]: Generating public/private dsa key pair.
[   26.064456] cloud-init[670]: Your identification has been saved in /etc/ssh/ssh_host_dsa_key.
[[0;32m  OK  [0m] Started ACPI Events Check.
[   26.084636] cloud-init[670]: Your public key has been saved in /etc/ssh/ssh_host_dsa_key.pub.
         Starting LXD - unix socket.
[   26.151456] cloud-init[670]: The key fingerprint is:
[[0;32m  OK  [0m] Listening on D-Bus System Message Bus Socket.
[   26.220897] [cloud-init[0;32m  OK  [0m[670]: ] SHA256:Anu4WYupMCKxnDGpeGBt5RNlRnX8tZUFnMd2kZh2hYU root@ubuntu-bionicListening on ACPID Listen Socket.

[[0;32m  OK  [0m] Started Daily apt download activities.
[   26.236209] cloud-init[[0;32m  OK  [0m] Started Message of the Day.
[[0;32m  OK  [0m] Reached target Paths.
[[0;32m  OK  [0m] Started Discard unused blocks once a week.
[[0;32m  OK  [0m] Started Daily Cleanup of Temporary Directories.
[[0;32m  OK  [0m] Listening on Open-iSCSI iscsid Socket.
[[0;32m  OK  [0m] Listening on UUID daemon activation socket.
[[0;32m  OK  [0m] Started Daily apt upgrade and clean activities.
[[0;32m  OK  [0m] Reached target Timers.
         Starting Socket activation for snappy daemon.
[[0;32m  OK  [0m] Reached target Cloud-config availability.
[[0;32m  OK  [0m] Started Availability of block devices.
[[0;32m  OK  [0m] Listening on LXD - unix socket.
[670]: The key's randomart image is:
[[   26.301001] cloud-init[670]: +---[DSA 1024]----+
[   26.301295] cloud-init[670]: |      .=.... .+OX|
[   26.302389] cloud-init[670]: |      +   .. +E=*|
[   26.302840] cloud-init[670]: |    .o      o oo+|
[   26.303347] cloud-init[670]: |  o o+.      . . |
[   26.303928] cloud-init[670]: |o= ooo+ S        |
[   26.304591] cloud-init[670]: |=+=  B.o         |
[   26.305630] cloud-init[670]: |Oo. = .          |
[0;32m  OK  [0m] Listening on Socket activation for snappy daemon.
[   26.306279] cloud-init[670]: |o+ .             |
[[0;32m  OK  [0m[   26.421386] cloud-init[670]: |  .              |
] Reached target Sockets.
[   26.422661] cloud-init[670]: +----[SHA256]-----+
[[   26.436956] cloud-init[670]: Generating public/private ecdsa key pair.
[   26.437998] cloud-init[670]: Your identification has been saved in /etc/ssh/ssh_host_ecdsa_key.
[   26.438888] cloud-init[670]: Your public key has been saved in /etc/ssh/ssh_host_ecdsa_key.pub.
[   26.439777] cloud-init[670]: The key fingerprint is:
[   26.440683] cloud-init[670]: SHA256:79DRYtNptR80BevC/cgqBTlCu88zd1WdBs+BmuGiRUk root@ubuntu-bionic
[0;32m  OK  [0m] Reached target Basic System.
[   26.440954] cloud-init[670]: The key's randomart image is:
         [   26.516308] Starting Accounts Service...cloud-init
[670]: +---[ECDSA 256]---+
         Starting LXD - container startup/shutdown...
[   26.561017] cloud-init[670]: |        .E.   o..|
[   26.579013] cloud-init[670]: |        .o . o o.|
[[   26.589965] cloud-init[670]: |       .....+ *o+|
[   26.590218] cloud-init[670]: |        oo+B =.*+|
[0;32m  OK  [0m] Started D-Bus System Message Bus.
[   26.591059] cloud-init[670]: |        So*oB =..|
[   26.676433] cloud-init[670]: |       ..+ =.o +o|
[   26.736413] cloud-init[670]: |        .oo.  o.o|
[   26.737668] cloud-init[670]: |         o* ...  |
[   26.764399] cloud-init[670]: |          .=..   |
[   26.774331] cloud-init[670]: +----[SHA256]-----+
[   26.775458] cloud-init[670]: Generating public/private ed25519 key pair.
[   26.795969] cloud-init[670]: Your identification has been saved in /etc/ssh/ssh_host_ed25519_key.
[   26.832640] cloud-init[670]: Your public key has been saved in /etc/ssh/ssh_host_ed25519_key.pub.
[   26.885644] cloud-init[670]: The key fingerprint is:
[   26.887334] cloud-init[670]: SHA256:MDz106fBLfA7gAax8/uGBs1fvOl1rXowo7ZJxKybzw4 root@ubuntu-bionic
[   26.905101] cloud-init[670]: The key's randomart image is:
[   26.910689] cloud-init[670]: +--[ED25519 256]--+
[   26.914531] cloud-init[670]: |      o.. .      |
[   26.921835] cloud-init[670]: |     . + o = .   |
[   26.924895] cloud-init[670]: |      B o + * o  |
[   26.926618] cloud-init[670]: |       B o o *   |
[   26.936179] cloud-init[670]: |       oS +.+    |
[   26.940882] cloud-init[670]: |      . o+  *.  .|
[   26.956270] cloud-init[670]: |       .Eo.o *. o|
[   26.958077] cloud-init[670]: |        oB=.o..o |
[   26.967181] cloud-init[670]: |       .o=Booo.  |
[   26.973052] cloud-init[670]: +----[SHA256]-----+
[[0;32m  OK  [0m] Started irqbalance daemon.
[[0;32m  OK  [0m] Started Deferred execution scheduler.
         Starting Virtualbox guest utils...
         Starting Permit User Sessions...
         Starting Pollinate to seed the pseudo random number generator...
[[0;32m  OK  [0m] Started Regular background program processing daemon.
         Starting LSB: Record successful boot for GRUB...
         Starting Login Service...
         Starting Snappy daemon...
         Starting System Logging Service...
[[0;32m  OK  [0m] Started FUSE filesystem for LXC.
         Starting Dispatcher daemon for systemd-networkd...
         Starting LSB: automatic crash report generation...
[[0;32m  OK  [0m] Started Permit User Sessions.
[[0;32m  OK  [0m] Started Login Service.
[[0;32m  OK  [0m] Started Unattended Upgrades Shutdown.
         Starting Authorization Manager...
         Starting Terminate Plymouth Boot Screen...
         Starting Hold until boot process finishes up...
[[0;32m  OK  [0m] Started Hold until boot process finishes up.
[[0;32m  OK  [0m] Started Terminate Plymouth Boot Screen.
[[0;32m  OK  [0m] Started Serial Getty on ttyS0.
         Starting Set console scheme...
[[0;32m  OK  [0m] Started System Logging Service.
[[0;32m  OK  [0m] Started LSB: automatic crash report generation.
[[0;32m  OK  [0m] Started Set console scheme.
[[0;32m  OK  [0m] Created slice system-getty.slice.
[[0;32m  OK  [0m] Started Getty on tty1.
[[0;32m  OK  [0m] Reached target Login Prompts.
[[0;32m  OK  [0m] Started LSB: Record successful boot for GRUB.
[[0;32m  OK  [0m] Started Authorization Manager.
[[0;32m  OK  [0m] Started Accounts Service.
[[0;32m  OK  [0m] Started Virtualbox guest utils.
[[0;32m  OK  [0m] Started Dispatcher daemon for systemd-networkd.
[[0;32m  OK  [0m] Started LXD - container startup/shutdown.
[[0;32m  OK  [0m] Started Snappy daemon.
         Starting Wait until snapd is fully seeded...
[[0;32m  OK  [0m] Started Pollinate to seed the pseudo random number generator.
         Starting OpenBSD Secure Shell server...
[[0;32m  OK  [0m] Started OpenBSD Secure Shell server.
[[0;32m  OK  [0m] Created slice User Slice of vagrant.

Ubuntu 18.04.4 LTS ubuntu-bionic ttyS0

ubuntu-bionic login: [   38.635708] cloud-init[1456]: Cloud-init v. 19.4-33-gbb4131a2-0ubuntu1~18.04.1 running 'modules:config' at Sat, 07 Mar 2020 18:11:49 +0000. Up 36.88 seconds.
ci-info: no authorized SSH keys fingerprints found for user ubuntu.
<14>Mar  7 18:11:52 ec2: 
<14>Mar  7 18:11:52 ec2: #############################################################
<14>Mar  7 18:11:52 ec2: -----BEGIN SSH HOST KEY FINGERPRINTS-----
<14>Mar  7 18:11:52 ec2: 1024 SHA256:Anu4WYupMCKxnDGpeGBt5RNlRnX8tZUFnMd2kZh2hYU root@ubuntu-bionic (DSA)
<14>Mar  7 18:11:52 ec2: 256 SHA256:79DRYtNptR80BevC/cgqBTlCu88zd1WdBs+BmuGiRUk root@ubuntu-bionic (ECDSA)
<14>Mar  7 18:11:52 ec2: 256 SHA256:MDz106fBLfA7gAax8/uGBs1fvOl1rXowo7ZJxKybzw4 root@ubuntu-bionic (ED25519)
<14>Mar  7 18:11:52 ec2: 2048 SHA256:2VC3EczjE4aI0yx0XxJTtc+U6h556mBCM4dh17mTQcc root@ubuntu-bionic (RSA)
<14>Mar  7 18:11:52 ec2: -----END SSH HOST KEY FINGERPRINTS-----
<14>Mar  7 18:11:52 ec2: #############################################################
-----BEGIN SSH HOST KEY KEYS-----
ecdsa-sha2-nistp256 AAAAE2VjZHNhLXNoYTItbmlzdHAyNTYAAAAIbmlzdHAyNTYAAABBBDWq+jlNwZGknGY4C/ANu2lsoJucoQ9wCf+nTlATulcrr03WkC2RLs/W41x4EJqigCKMJwZv+5T41nGrtwDJhsI= root@ubuntu-bionic
ssh-ed25519 AAAAC3NzaC1lZDI1NTE5AAAAIOpjYbUw8aispuyRls8Rnoj0MP7JbK6Za0EJ3YGFge42 root@ubuntu-bionic
ssh-rsa AAAAB3NzaC1yc2EAAAADAQABAAABAQDAwBUwRnkmuYEy9uFdUPru3rGbyXMBgVQeIWMx+zDseYvoWgqYQOQ5AZXjIgmwJ6tsLZVwVPBfz40oMKsWLUPHW74oDtatUMSrD5/mFEnJ3PAYcqAE1DVM8kfQEm0sjr3DRHMglK+tVNJ8hHAS82BVjpuC8idt6EuxiOw9vRiaHcj1JZRovtE+z2GfyNJLoYPUNXzrKJP10vLcS+wL02fTsfYF/rpWTCFOi5bH3Mqz2RXPkEo+P2FvDj74FTFi2a6yIvbQJJBaHezAZC+/hJCM0/RCajIRhDAQJS3M4sUi/ig4kQVy/YrXepz9vseOSiChgViBGB82ZIJ3kBYf0Tp/ root@ubuntu-bionic
-----END SSH HOST KEY KEYS-----
[   39.493955] cloud-init[1596]: Cloud-init v. 19.4-33-gbb4131a2-0ubuntu1~18.04.1 running 'modules:final' at Sat, 07 Mar 2020 18:11:51 +0000. Up 39.22 seconds.
[   39.494236] cloud-init[1596]: ci-info: no authorized SSH keys fingerprints found for user ubuntu.
[   39.494350] cloud-init[1596]: Cloud-init v. 19.4-33-gbb4131a2-0ubuntu1~18.04.1 finished at Sat, 07 Mar 2020 18:11:52 +0000. Datasource DataSourceNoCloud [seed=/dev/sdb][dsmode=net].  Up 39.47 seconds
